ERROR - 2023-10-05 11:19:06 --> Error connecting to the database: mysqli_sql_exception: No connection could be made because the target machine actively refused it in C:\Project-CRUD\system\Database\MySQLi\Connection.php:184
Stack trace:
#0 C:\Project-CRUD\system\Database\MySQLi\Connection.php(184): mysqli->real_connect('127.0.0.1', 'root', Object(SensitiveParameterValue), 'backend-kelase', 3306, '', 0)
#1 C:\Project-CRUD\system\Database\BaseConnection.php(391): CodeIgniter\Database\MySQLi\Connection->connect(false)
#2 C:\Project-CRUD\system\Database\BaseConnection.php(574): CodeIgniter\Database\BaseConnection->initialize()
#3 C:\Project-CRUD\system\Database\BaseBuilder.php(1615): CodeIgniter\Database\BaseConnection->query('SELECT *\nFROM `...', Array, false)
#4 C:\Project-CRUD\system\Model.php(237): CodeIgniter\Database\BaseBuilder->get()
#5 C:\Project-CRUD\system\BaseModel.php(624): CodeIgniter\Model->doFindAll(0, 0)
#6 C:\Project-CRUD\app\Controllers\ProductController.php(23): CodeIgniter\BaseModel->findAll()
#7 C:\Project-CRUD\system\CodeIgniter.php(919): App\Controllers\ProductController->readProduct()
#8 C:\Project-CRUD\system\CodeIgniter.php(494): CodeIgniter\CodeIgniter->runController(Object(App\Controllers\ProductController))
#9 C:\Project-CRUD\system\CodeIgniter.php(353): CodeIgniter\CodeIgniter->handleRequest(NULL, Object(Config\Cache), false)
#10 C:\Project-CRUD\public\index.php(79): CodeIgniter\CodeIgniter->run()
#11 C:\Project-CRUD\system\Commands\Server\rewrite.php(47): require_once('C:\\Project-CRUD...')
#12 {main}

Next CodeIgniter\Database\Exceptions\DatabaseException: No connection could be made because the target machine actively refused it in C:\Project-CRUD\system\Database\MySQLi\Connection.php:229
Stack trace:
#0 C:\Project-CRUD\system\Database\BaseConnection.php(391): CodeIgniter\Database\MySQLi\Connection->connect(false)
#1 C:\Project-CRUD\system\Database\BaseConnection.php(574): CodeIgniter\Database\BaseConnection->initialize()
#2 C:\Project-CRUD\system\Database\BaseBuilder.php(1615): CodeIgniter\Database\BaseConnection->query('SELECT *\nFROM `...', Array, false)
#3 C:\Project-CRUD\system\Model.php(237): CodeIgniter\Database\BaseBuilder->get()
#4 C:\Project-CRUD\system\BaseModel.php(624): CodeIgniter\Model->doFindAll(0, 0)
#5 C:\Project-CRUD\app\Controllers\ProductController.php(23): CodeIgniter\BaseModel->findAll()
#6 C:\Project-CRUD\system\CodeIgniter.php(919): App\Controllers\ProductController->readProduct()
#7 C:\Project-CRUD\system\CodeIgniter.php(494): CodeIgniter\CodeIgniter->runController(Object(App\Controllers\ProductController))
#8 C:\Project-CRUD\system\CodeIgniter.php(353): CodeIgniter\CodeIgniter->handleRequest(NULL, Object(Config\Cache), false)
#9 C:\Project-CRUD\public\index.php(79): CodeIgniter\CodeIgniter->run()
#10 C:\Project-CRUD\system\Commands\Server\rewrite.php(47): require_once('C:\\Project-CRUD...')
#11 {main}
CRITICAL - 2023-10-05 11:19:06 --> Unable to connect to the database.
Main connection [MySQLi]: No connection could be made because the target machine actively refused it
in SYSTEMPATH\Database\BaseConnection.php on line 427.
 1 SYSTEMPATH\Database\BaseConnection.php(574): CodeIgniter\Database\BaseConnection->initialize()
 2 SYSTEMPATH\Database\BaseBuilder.php(1615): CodeIgniter\Database\BaseConnection->query('SELECT *
FROM `products`', [], false)
 3 SYSTEMPATH\Model.php(237): CodeIgniter\Database\BaseBuilder->get()
 4 SYSTEMPATH\BaseModel.php(624): CodeIgniter\Model->doFindAll(0, 0)
 5 APPPATH\Controllers\ProductController.php(23): CodeIgniter\BaseModel->findAll()
 6 SYSTEMPATH\CodeIgniter.php(919): App\Controllers\ProductController->readProduct()
 7 SYSTEMPATH\CodeIgniter.php(494): CodeIgniter\CodeIgniter->runController(Object(App\Controllers\ProductController))
 8 SYSTEMPATH\CodeIgniter.php(353): CodeIgniter\CodeIgniter->handleRequest(null, Object(Config\Cache), false)
 9 FCPATH\index.php(79): CodeIgniter\CodeIgniter->run()
10 SYSTEMPATH\Commands\Server\rewrite.php(47): require_once('C:\\Project-CRUD\\public\\index.php')
ERROR - 2023-10-05 11:19:59 --> Error connecting to the database: mysqli_sql_exception: No connection could be made because the target machine actively refused it in C:\Project-CRUD\system\Database\MySQLi\Connection.php:184
Stack trace:
#0 C:\Project-CRUD\system\Database\MySQLi\Connection.php(184): mysqli->real_connect('127.0.0.1', 'root', Object(SensitiveParameterValue), 'backend-kelase', 3306, '', 0)
#1 C:\Project-CRUD\system\Database\BaseConnection.php(391): CodeIgniter\Database\MySQLi\Connection->connect(false)
#2 C:\Project-CRUD\system\Database\BaseConnection.php(574): CodeIgniter\Database\BaseConnection->initialize()
#3 C:\Project-CRUD\system\Database\BaseBuilder.php(2308): CodeIgniter\Database\BaseConnection->query('INSERT INTO `pr...', Array, false)
#4 C:\Project-CRUD\system\Model.php(319): CodeIgniter\Database\BaseBuilder->insert()
#5 C:\Project-CRUD\system\BaseModel.php(788): CodeIgniter\Model->doInsert(Array)
#6 C:\Project-CRUD\system\Model.php(715): CodeIgniter\BaseModel->insert(Array, true)
#7 C:\Project-CRUD\app\Controllers\ProductController.php(19): CodeIgniter\Model->insert(Array)
#8 C:\Project-CRUD\system\CodeIgniter.php(919): App\Controllers\ProductController->insertProduct()
#9 C:\Project-CRUD\system\CodeIgniter.php(494): CodeIgniter\CodeIgniter->runController(Object(App\Controllers\ProductController))
#10 C:\Project-CRUD\system\CodeIgniter.php(353): CodeIgniter\CodeIgniter->handleRequest(NULL, Object(Config\Cache), false)
#11 C:\Project-CRUD\public\index.php(79): CodeIgniter\CodeIgniter->run()
#12 C:\Project-CRUD\system\Commands\Server\rewrite.php(47): require_once('C:\\Project-CRUD...')
#13 {main}

Next CodeIgniter\Database\Exceptions\DatabaseException: No connection could be made because the target machine actively refused it in C:\Project-CRUD\system\Database\MySQLi\Connection.php:229
Stack trace:
#0 C:\Project-CRUD\system\Database\BaseConnection.php(391): CodeIgniter\Database\MySQLi\Connection->connect(false)
#1 C:\Project-CRUD\system\Database\BaseConnection.php(574): CodeIgniter\Database\BaseConnection->initialize()
#2 C:\Project-CRUD\system\Database\BaseBuilder.php(2308): CodeIgniter\Database\BaseConnection->query('INSERT INTO `pr...', Array, false)
#3 C:\Project-CRUD\system\Model.php(319): CodeIgniter\Database\BaseBuilder->insert()
#4 C:\Project-CRUD\system\BaseModel.php(788): CodeIgniter\Model->doInsert(Array)
#5 C:\Project-CRUD\system\Model.php(715): CodeIgniter\BaseModel->insert(Array, true)
#6 C:\Project-CRUD\app\Controllers\ProductController.php(19): CodeIgniter\Model->insert(Array)
#7 C:\Project-CRUD\system\CodeIgniter.php(919): App\Controllers\ProductController->insertProduct()
#8 C:\Project-CRUD\system\CodeIgniter.php(494): CodeIgniter\CodeIgniter->runController(Object(App\Controllers\ProductController))
#9 C:\Project-CRUD\system\CodeIgniter.php(353): CodeIgniter\CodeIgniter->handleRequest(NULL, Object(Config\Cache), false)
#10 C:\Project-CRUD\public\index.php(79): CodeIgniter\CodeIgniter->run()
#11 C:\Project-CRUD\system\Commands\Server\rewrite.php(47): require_once('C:\\Project-CRUD...')
#12 {main}
CRITICAL - 2023-10-05 11:19:59 --> Unable to connect to the database.
Main connection [MySQLi]: No connection could be made because the target machine actively refused it
in SYSTEMPATH\Database\BaseConnection.php on line 427.
 1 SYSTEMPATH\Database\BaseConnection.php(574): CodeIgniter\Database\BaseConnection->initialize()
 2 SYSTEMPATH\Database\BaseBuilder.php(2308): CodeIgniter\Database\BaseConnection->query('INSERT INTO `products` (`nama_product`, `description`) VALUES (:nama_product:, :description:)', [...], false)
 3 SYSTEMPATH\Model.php(319): CodeIgniter\Database\BaseBuilder->insert()
 4 SYSTEMPATH\BaseModel.php(788): CodeIgniter\Model->doInsert([...])
 5 SYSTEMPATH\Model.php(715): CodeIgniter\BaseModel->insert([...], true)
 6 APPPATH\Controllers\ProductController.php(19): CodeIgniter\Model->insert([...])
 7 SYSTEMPATH\CodeIgniter.php(919): App\Controllers\ProductController->insertProduct()
 8 SYSTEMPATH\CodeIgniter.php(494): CodeIgniter\CodeIgniter->runController(Object(App\Controllers\ProductController))
 9 SYSTEMPATH\CodeIgniter.php(353): CodeIgniter\CodeIgniter->handleRequest(null, Object(Config\Cache), false)
10 FCPATH\index.php(79): CodeIgniter\CodeIgniter->run()
11 SYSTEMPATH\Commands\Server\rewrite.php(47): require_once('C:\\Project-CRUD\\public\\index.php')
CRITICAL - 2023-10-05 11:20:23 --> Invalid file: "list.php"
in SYSTEMPATH\Exceptions\FrameworkException.php on line 39.
 1 SYSTEMPATH\View\View.php(214): CodeIgniter\Exceptions\FrameworkException::forInvalidFile('list.php')
 2 SYSTEMPATH\Common.php(1188): CodeIgniter\View\View->render('list', [], true)
 3 APPPATH\Controllers\ProductController.php(27): view('list', [...])
 4 SYSTEMPATH\CodeIgniter.php(919): App\Controllers\ProductController->readProduct()
 5 SYSTEMPATH\CodeIgniter.php(494): CodeIgniter\CodeIgniter->runController(Object(App\Controllers\ProductController))
 6 SYSTEMPATH\CodeIgniter.php(353): CodeIgniter\CodeIgniter->handleRequest(null, Object(Config\Cache), false)
 7 FCPATH\index.php(79): CodeIgniter\CodeIgniter->run()
 8 SYSTEMPATH\Commands\Server\rewrite.php(47): require_once('C:\\Project-CRUD\\public\\index.php')
CRITICAL - 2023-10-05 11:31:50 --> Undefined variable $data
in APPPATH\Views\list.php on line 21.
 1 APPPATH\Views\list.php(21): CodeIgniter\Debug\Exceptions->errorHandler(2, 'Undefined variable $data', 'C:\\Project-CRUD\\app\\Views\\list.php', 21)
 2 SYSTEMPATH\View\View.php(226): include('C:\\Project-CRUD\\app\\Views\\list.php')
 3 SYSTEMPATH\View\View.php(229): CodeIgniter\View\View->CodeIgniter\View\{closure}()
 4 SYSTEMPATH\Common.php(1188): CodeIgniter\View\View->render('list', [], true)
 5 APPPATH\Controllers\ProductController.php(27): view('list', [...])
 6 SYSTEMPATH\CodeIgniter.php(919): App\Controllers\ProductController->readProduct()
 7 SYSTEMPATH\CodeIgniter.php(494): CodeIgniter\CodeIgniter->runController(Object(App\Controllers\ProductController))
 8 SYSTEMPATH\CodeIgniter.php(353): CodeIgniter\CodeIgniter->handleRequest(null, Object(Config\Cache), false)
 9 FCPATH\index.php(79): CodeIgniter\CodeIgniter->run()
10 SYSTEMPATH\Commands\Server\rewrite.php(47): require_once('C:\\Project-CRUD\\public\\index.php')
WARNING - 2023-10-05 11:37:51 --> [DEPRECATED] Creation of dynamic property App\Controllers\ProductController::$product is deprecated in APPPATH\Controllers\ProductController.php on line 9.
 1 SYSTEMPATH\CodeIgniter.php(891): App\Controllers\ProductController->__construct()
 2 SYSTEMPATH\CodeIgniter.php(485): CodeIgniter\CodeIgniter->createController()
 3 SYSTEMPATH\CodeIgniter.php(353): CodeIgniter\CodeIgniter->handleRequest(null, Object(Config\Cache), false)
 4 FCPATH\index.php(79): CodeIgniter\CodeIgniter->run()
 5 SYSTEMPATH\Commands\Server\rewrite.php(47): require_once('C:\\Project-CRUD\\public\\index.php')
WARNING - 2023-10-05 11:37:54 --> [DEPRECATED] Creation of dynamic property App\Controllers\ProductController::$product is deprecated in APPPATH\Controllers\ProductController.php on line 9.
 1 SYSTEMPATH\CodeIgniter.php(891): App\Controllers\ProductController->__construct()
 2 SYSTEMPATH\CodeIgniter.php(485): CodeIgniter\CodeIgniter->createController()
 3 SYSTEMPATH\CodeIgniter.php(353): CodeIgniter\CodeIgniter->handleRequest(null, Object(Config\Cache), false)
 4 FCPATH\index.php(79): CodeIgniter\CodeIgniter->run()
 5 SYSTEMPATH\Commands\Server\rewrite.php(47): require_once('C:\\Project-CRUD\\public\\index.php')
CRITICAL - 2023-10-05 11:37:54 --> Invalid file: "product.php"
in SYSTEMPATH\Exceptions\FrameworkException.php on line 39.
 1 SYSTEMPATH\View\View.php(214): CodeIgniter\Exceptions\FrameworkException::forInvalidFile('product.php')
 2 SYSTEMPATH\Common.php(1188): CodeIgniter\View\View->render('product', [], true)
 3 APPPATH\Controllers\ProductController.php(31): view('product', [...])
 4 SYSTEMPATH\CodeIgniter.php(919): App\Controllers\ProductController->readProduct()
 5 SYSTEMPATH\CodeIgniter.php(494): CodeIgniter\CodeIgniter->runController(Object(App\Controllers\ProductController))
 6 SYSTEMPATH\CodeIgniter.php(353): CodeIgniter\CodeIgniter->handleRequest(null, Object(Config\Cache), false)
 7 FCPATH\index.php(79): CodeIgniter\CodeIgniter->run()
 8 SYSTEMPATH\Commands\Server\rewrite.php(47): require_once('C:\\Project-CRUD\\public\\index.php')
WARNING - 2023-10-05 11:38:00 --> [DEPRECATED] Creation of dynamic property App\Controllers\ProductController::$product is deprecated in APPPATH\Controllers\ProductController.php on line 9.
 1 SYSTEMPATH\CodeIgniter.php(891): App\Controllers\ProductController->__construct()
 2 SYSTEMPATH\CodeIgniter.php(485): CodeIgniter\CodeIgniter->createController()
 3 SYSTEMPATH\CodeIgniter.php(353): CodeIgniter\CodeIgniter->handleRequest(null, Object(Config\Cache), false)
 4 FCPATH\index.php(79): CodeIgniter\CodeIgniter->run()
 5 SYSTEMPATH\Commands\Server\rewrite.php(47): require_once('C:\\Project-CRUD\\public\\index.php')
CRITICAL - 2023-10-05 11:38:00 --> Invalid file: "product.php"
in SYSTEMPATH\Exceptions\FrameworkException.php on line 39.
 1 SYSTEMPATH\View\View.php(214): CodeIgniter\Exceptions\FrameworkException::forInvalidFile('product.php')
 2 SYSTEMPATH\Common.php(1188): CodeIgniter\View\View->render('product', [], true)
 3 APPPATH\Controllers\ProductController.php(31): view('product', [...])
 4 SYSTEMPATH\CodeIgniter.php(919): App\Controllers\ProductController->readProduct()
 5 SYSTEMPATH\CodeIgniter.php(494): CodeIgniter\CodeIgniter->runController(Object(App\Controllers\ProductController))
 6 SYSTEMPATH\CodeIgniter.php(353): CodeIgniter\CodeIgniter->handleRequest(null, Object(Config\Cache), false)
 7 FCPATH\index.php(79): CodeIgniter\CodeIgniter->run()
 8 SYSTEMPATH\Commands\Server\rewrite.php(47): require_once('C:\\Project-CRUD\\public\\index.php')
WARNING - 2023-10-05 11:44:32 --> [DEPRECATED] Creation of dynamic property App\Controllers\ProductController::$product is deprecated in APPPATH\Controllers\ProductController.php on line 9.
 1 SYSTEMPATH\CodeIgniter.php(891): App\Controllers\ProductController->__construct()
 2 SYSTEMPATH\CodeIgniter.php(485): CodeIgniter\CodeIgniter->createController()
 3 SYSTEMPATH\CodeIgniter.php(353): CodeIgniter\CodeIgniter->handleRequest(null, Object(Config\Cache), false)
 4 FCPATH\index.php(79): CodeIgniter\CodeIgniter->run()
 5 SYSTEMPATH\Commands\Server\rewrite.php(47): require_once('C:\\Project-CRUD\\public\\index.php')
WARNING - 2023-10-05 11:44:39 --> [DEPRECATED] Creation of dynamic property App\Controllers\ProductController::$product is deprecated in APPPATH\Controllers\ProductController.php on line 9.
 1 SYSTEMPATH\CodeIgniter.php(891): App\Controllers\ProductController->__construct()
 2 SYSTEMPATH\CodeIgniter.php(485): CodeIgniter\CodeIgniter->createController()
 3 SYSTEMPATH\CodeIgniter.php(353): CodeIgniter\CodeIgniter->handleRequest(null, Object(Config\Cache), false)
 4 FCPATH\index.php(79): CodeIgniter\CodeIgniter->run()
 5 SYSTEMPATH\Commands\Server\rewrite.php(47): require_once('C:\\Project-CRUD\\public\\index.php')
WARNING - 2023-10-05 11:44:42 --> [DEPRECATED] Creation of dynamic property App\Controllers\ProductController::$product is deprecated in APPPATH\Controllers\ProductController.php on line 9.
 1 SYSTEMPATH\CodeIgniter.php(891): App\Controllers\ProductController->__construct()
 2 SYSTEMPATH\CodeIgniter.php(485): CodeIgniter\CodeIgniter->createController()
 3 SYSTEMPATH\CodeIgniter.php(353): CodeIgniter\CodeIgniter->handleRequest(null, Object(Config\Cache), false)
 4 FCPATH\index.php(79): CodeIgniter\CodeIgniter->run()
 5 SYSTEMPATH\Commands\Server\rewrite.php(47): require_once('C:\\Project-CRUD\\public\\index.php')
WARNING - 2023-10-05 11:44:45 --> [DEPRECATED] Creation of dynamic property App\Controllers\ProductController::$product is deprecated in APPPATH\Controllers\ProductController.php on line 9.
 1 SYSTEMPATH\CodeIgniter.php(891): App\Controllers\ProductController->__construct()
 2 SYSTEMPATH\CodeIgniter.php(485): CodeIgniter\CodeIgniter->createController()
 3 SYSTEMPATH\CodeIgniter.php(353): CodeIgniter\CodeIgniter->handleRequest(null, Object(Config\Cache), false)
 4 FCPATH\index.php(79): CodeIgniter\CodeIgniter->run()
 5 SYSTEMPATH\Commands\Server\rewrite.php(47): require_once('C:\\Project-CRUD\\public\\index.php')
WARNING - 2023-10-05 11:44:53 --> [DEPRECATED] Creation of dynamic property App\Controllers\ProductController::$product is deprecated in APPPATH\Controllers\ProductController.php on line 9.
 1 SYSTEMPATH\CodeIgniter.php(891): App\Controllers\ProductController->__construct()
 2 SYSTEMPATH\CodeIgniter.php(485): CodeIgniter\CodeIgniter->createController()
 3 SYSTEMPATH\CodeIgniter.php(353): CodeIgniter\CodeIgniter->handleRequest(null, Object(Config\Cache), false)
 4 FCPATH\index.php(79): CodeIgniter\CodeIgniter->run()
 5 SYSTEMPATH\Commands\Server\rewrite.php(47): require_once('C:\\Project-CRUD\\public\\index.php')
WARNING - 2023-10-05 11:44:54 --> [DEPRECATED] Creation of dynamic property App\Controllers\ProductController::$product is deprecated in APPPATH\Controllers\ProductController.php on line 9.
 1 SYSTEMPATH\CodeIgniter.php(891): App\Controllers\ProductController->__construct()
 2 SYSTEMPATH\CodeIgniter.php(485): CodeIgniter\CodeIgniter->createController()
 3 SYSTEMPATH\CodeIgniter.php(353): CodeIgniter\CodeIgniter->handleRequest(null, Object(Config\Cache), false)
 4 FCPATH\index.php(79): CodeIgniter\CodeIgniter->run()
 5 SYSTEMPATH\Commands\Server\rewrite.php(47): require_once('C:\\Project-CRUD\\public\\index.php')
WARNING - 2023-10-05 11:44:56 --> [DEPRECATED] Creation of dynamic property App\Controllers\ProductController::$product is deprecated in APPPATH\Controllers\ProductController.php on line 9.
 1 SYSTEMPATH\CodeIgniter.php(891): App\Controllers\ProductController->__construct()
 2 SYSTEMPATH\CodeIgniter.php(485): CodeIgniter\CodeIgniter->createController()
 3 SYSTEMPATH\CodeIgniter.php(353): CodeIgniter\CodeIgniter->handleRequest(null, Object(Config\Cache), false)
 4 FCPATH\index.php(79): CodeIgniter\CodeIgniter->run()
 5 SYSTEMPATH\Commands\Server\rewrite.php(47): require_once('C:\\Project-CRUD\\public\\index.php')
WARNING - 2023-10-05 11:44:56 --> [DEPRECATED] Creation of dynamic property App\Controllers\ProductController::$product is deprecated in APPPATH\Controllers\ProductController.php on line 9.
 1 SYSTEMPATH\CodeIgniter.php(891): App\Controllers\ProductController->__construct()
 2 SYSTEMPATH\CodeIgniter.php(485): CodeIgniter\CodeIgniter->createController()
 3 SYSTEMPATH\CodeIgniter.php(353): CodeIgniter\CodeIgniter->handleRequest(null, Object(Config\Cache), false)
 4 FCPATH\index.php(79): CodeIgniter\CodeIgniter->run()
 5 SYSTEMPATH\Commands\Server\rewrite.php(47): require_once('C:\\Project-CRUD\\public\\index.php')
WARNING - 2023-10-05 11:44:58 --> [DEPRECATED] Creation of dynamic property App\Controllers\ProductController::$product is deprecated in APPPATH\Controllers\ProductController.php on line 9.
 1 SYSTEMPATH\CodeIgniter.php(891): App\Controllers\ProductController->__construct()
 2 SYSTEMPATH\CodeIgniter.php(485): CodeIgniter\CodeIgniter->createController()
 3 SYSTEMPATH\CodeIgniter.php(353): CodeIgniter\CodeIgniter->handleRequest(null, Object(Config\Cache), false)
 4 FCPATH\index.php(79): CodeIgniter\CodeIgniter->run()
 5 SYSTEMPATH\Commands\Server\rewrite.php(47): require_once('C:\\Project-CRUD\\public\\index.php')
WARNING - 2023-10-05 11:45:19 --> [DEPRECATED] Creation of dynamic property App\Controllers\ProductController::$product is deprecated in APPPATH\Controllers\ProductController.php on line 9.
 1 SYSTEMPATH\CodeIgniter.php(891): App\Controllers\ProductController->__construct()
 2 SYSTEMPATH\CodeIgniter.php(485): CodeIgniter\CodeIgniter->createController()
 3 SYSTEMPATH\CodeIgniter.php(353): CodeIgniter\CodeIgniter->handleRequest(null, Object(Config\Cache), false)
 4 FCPATH\index.php(79): CodeIgniter\CodeIgniter->run()
 5 SYSTEMPATH\Commands\Server\rewrite.php(47): require_once('C:\\Project-CRUD\\public\\index.php')
WARNING - 2023-10-05 11:45:20 --> [DEPRECATED] Creation of dynamic property App\Controllers\ProductController::$product is deprecated in APPPATH\Controllers\ProductController.php on line 9.
 1 SYSTEMPATH\CodeIgniter.php(891): App\Controllers\ProductController->__construct()
 2 SYSTEMPATH\CodeIgniter.php(485): CodeIgniter\CodeIgniter->createController()
 3 SYSTEMPATH\CodeIgniter.php(353): CodeIgniter\CodeIgniter->handleRequest(null, Object(Config\Cache), false)
 4 FCPATH\index.php(79): CodeIgniter\CodeIgniter->run()
 5 SYSTEMPATH\Commands\Server\rewrite.php(47): require_once('C:\\Project-CRUD\\public\\index.php')
WARNING - 2023-10-05 12:01:17 --> [DEPRECATED] Creation of dynamic property App\Controllers\ProductController::$product is deprecated in APPPATH\Controllers\ProductController.php on line 9.
 1 SYSTEMPATH\CodeIgniter.php(891): App\Controllers\ProductController->__construct()
 2 SYSTEMPATH\CodeIgniter.php(485): CodeIgniter\CodeIgniter->createController()
 3 SYSTEMPATH\CodeIgniter.php(353): CodeIgniter\CodeIgniter->handleRequest(null, Object(Config\Cache), false)
 4 FCPATH\index.php(79): CodeIgniter\CodeIgniter->run()
 5 SYSTEMPATH\Commands\Server\rewrite.php(47): require_once('C:\\Project-CRUD\\public\\index.php')
WARNING - 2023-10-05 12:01:20 --> [DEPRECATED] Creation of dynamic property App\Controllers\ProductController::$product is deprecated in APPPATH\Controllers\ProductController.php on line 9.
 1 SYSTEMPATH\CodeIgniter.php(891): App\Controllers\ProductController->__construct()
 2 SYSTEMPATH\CodeIgniter.php(485): CodeIgniter\CodeIgniter->createController()
 3 SYSTEMPATH\CodeIgniter.php(353): CodeIgniter\CodeIgniter->handleRequest(null, Object(Config\Cache), false)
 4 FCPATH\index.php(79): CodeIgniter\CodeIgniter->run()
 5 SYSTEMPATH\Commands\Server\rewrite.php(47): require_once('C:\\Project-CRUD\\public\\index.php')
