WARNING - 2023-10-13 03:05:55 --> [DEPRECATED] Creation of dynamic property App\Controllers\ProductController::$product is deprecated in APPPATH\Controllers\ProductController.php on line 9.
 1 SYSTEMPATH\CodeIgniter.php(891): App\Controllers\ProductController->__construct()
 2 SYSTEMPATH\CodeIgniter.php(485): CodeIgniter\CodeIgniter->createController()
 3 SYSTEMPATH\CodeIgniter.php(353): CodeIgniter\CodeIgniter->handleRequest(null, Object(Config\Cache), false)
 4 FCPATH\index.php(79): CodeIgniter\CodeIgniter->run()
 5 SYSTEMPATH\Commands\Server\rewrite.php(47): require_once('C:\\Project-CRUD\\public\\index.php')
WARNING - 2023-10-13 03:05:59 --> [DEPRECATED] Creation of dynamic property App\Controllers\ProductController::$product is deprecated in APPPATH\Controllers\ProductController.php on line 9.
 1 SYSTEMPATH\CodeIgniter.php(891): App\Controllers\ProductController->__construct()
 2 SYSTEMPATH\CodeIgniter.php(485): CodeIgniter\CodeIgniter->createController()
 3 SYSTEMPATH\CodeIgniter.php(353): CodeIgniter\CodeIgniter->handleRequest(null, Object(Config\Cache), false)
 4 FCPATH\index.php(79): CodeIgniter\CodeIgniter->run()
 5 SYSTEMPATH\Commands\Server\rewrite.php(47): require_once('C:\\Project-CRUD\\public\\index.php')
WARNING - 2023-10-13 03:06:17 --> [DEPRECATED] Creation of dynamic property App\Controllers\ProductController::$product is deprecated in APPPATH\Controllers\ProductController.php on line 9.
 1 SYSTEMPATH\CodeIgniter.php(891): App\Controllers\ProductController->__construct()
 2 SYSTEMPATH\CodeIgniter.php(485): CodeIgniter\CodeIgniter->createController()
 3 SYSTEMPATH\CodeIgniter.php(353): CodeIgniter\CodeIgniter->handleRequest(null, Object(Config\Cache), false)
 4 FCPATH\index.php(79): CodeIgniter\CodeIgniter->run()
 5 SYSTEMPATH\Commands\Server\rewrite.php(47): require_once('C:\\Project-CRUD\\public\\index.php')
WARNING - 2023-10-13 03:06:17 --> [DEPRECATED] Creation of dynamic property App\Controllers\ProductController::$product is deprecated in APPPATH\Controllers\ProductController.php on line 9.
 1 SYSTEMPATH\CodeIgniter.php(891): App\Controllers\ProductController->__construct()
 2 SYSTEMPATH\CodeIgniter.php(485): CodeIgniter\CodeIgniter->createController()
 3 SYSTEMPATH\CodeIgniter.php(353): CodeIgniter\CodeIgniter->handleRequest(null, Object(Config\Cache), false)
 4 FCPATH\index.php(79): CodeIgniter\CodeIgniter->run()
 5 SYSTEMPATH\Commands\Server\rewrite.php(47): require_once('C:\\Project-CRUD\\public\\index.php')
WARNING - 2023-10-13 03:12:13 --> [DEPRECATED] Creation of dynamic property App\Controllers\ProductController::$product is deprecated in APPPATH\Controllers\ProductController.php on line 9.
 1 SYSTEMPATH\CodeIgniter.php(891): App\Controllers\ProductController->__construct()
 2 SYSTEMPATH\CodeIgniter.php(485): CodeIgniter\CodeIgniter->createController()
 3 SYSTEMPATH\CodeIgniter.php(353): CodeIgniter\CodeIgniter->handleRequest(null, Object(Config\Cache), false)
 4 FCPATH\index.php(79): CodeIgniter\CodeIgniter->run()
 5 SYSTEMPATH\Commands\Server\rewrite.php(47): require_once('C:\\Project-CRUD\\public\\index.php')
WARNING - 2023-10-13 03:12:14 --> [DEPRECATED] Creation of dynamic property App\Controllers\ProductController::$product is deprecated in APPPATH\Controllers\ProductController.php on line 9.
 1 SYSTEMPATH\CodeIgniter.php(891): App\Controllers\ProductController->__construct()
 2 SYSTEMPATH\CodeIgniter.php(485): CodeIgniter\CodeIgniter->createController()
 3 SYSTEMPATH\CodeIgniter.php(353): CodeIgniter\CodeIgniter->handleRequest(null, Object(Config\Cache), false)
 4 FCPATH\index.php(79): CodeIgniter\CodeIgniter->run()
 5 SYSTEMPATH\Commands\Server\rewrite.php(47): require_once('C:\\Project-CRUD\\public\\index.php')
