WARNING - 2023-11-10 06:13:07 --> [DEPRECATED] Creation of dynamic property App\Controllers\ProductController::$product is deprecated in APPPATH\Controllers\ProductController.php on line 11.
 1 SYSTEMPATH\CodeIgniter.php(891): App\Controllers\ProductController->__construct()
 2 SYSTEMPATH\CodeIgniter.php(485): CodeIgniter\CodeIgniter->createController()
 3 SYSTEMPATH\CodeIgniter.php(353): CodeIgniter\CodeIgniter->handleRequest(null, Object(Config\Cache), false)
 4 FCPATH\index.php(79): CodeIgniter\CodeIgniter->run()
 5 SYSTEMPATH\Commands\Server\rewrite.php(47): require_once('C:\\Project-CRUD\\public\\index.php')
WARNING - 2023-11-10 06:40:46 --> [DEPRECATED] Creation of dynamic property App\Controllers\ProductController::$product is deprecated in APPPATH\Controllers\ProductController.php on line 11.
 1 SYSTEMPATH\CodeIgniter.php(891): App\Controllers\ProductController->__construct()
 2 SYSTEMPATH\CodeIgniter.php(485): CodeIgniter\CodeIgniter->createController()
 3 SYSTEMPATH\CodeIgniter.php(353): CodeIgniter\CodeIgniter->handleRequest(null, Object(Config\Cache), false)
 4 FCPATH\index.php(79): CodeIgniter\CodeIgniter->run()
 5 SYSTEMPATH\Commands\Server\rewrite.php(47): require_once('C:\\Project-CRUD\\public\\index.php')
WARNING - 2023-11-10 06:56:09 --> [DEPRECATED] Creation of dynamic property App\Controllers\ProductController::$product is deprecated in APPPATH\Controllers\ProductController.php on line 11.
 1 SYSTEMPATH\CodeIgniter.php(891): App\Controllers\ProductController->__construct()
 2 SYSTEMPATH\CodeIgniter.php(485): CodeIgniter\CodeIgniter->createController()
 3 SYSTEMPATH\CodeIgniter.php(353): CodeIgniter\CodeIgniter->handleRequest(null, Object(Config\Cache), false)
 4 FCPATH\index.php(79): CodeIgniter\CodeIgniter->run()
 5 SYSTEMPATH\Commands\Server\rewrite.php(47): require_once('C:\\Project-CRUD\\public\\index.php')
WARNING - 2023-11-10 06:56:43 --> [DEPRECATED] Creation of dynamic property App\Controllers\ProductController::$product is deprecated in APPPATH\Controllers\ProductController.php on line 11.
 1 SYSTEMPATH\CodeIgniter.php(891): App\Controllers\ProductController->__construct()
 2 SYSTEMPATH\CodeIgniter.php(485): CodeIgniter\CodeIgniter->createController()
 3 SYSTEMPATH\CodeIgniter.php(353): CodeIgniter\CodeIgniter->handleRequest(null, Object(Config\Cache), false)
 4 FCPATH\index.php(79): CodeIgniter\CodeIgniter->run()
 5 SYSTEMPATH\Commands\Server\rewrite.php(47): require_once('C:\\Project-CRUD\\public\\index.php')
WARNING - 2023-11-10 07:00:11 --> [DEPRECATED] Creation of dynamic property App\Controllers\ProductController::$product is deprecated in APPPATH\Controllers\ProductController.php on line 11.
 1 SYSTEMPATH\CodeIgniter.php(891): App\Controllers\ProductController->__construct()
 2 SYSTEMPATH\CodeIgniter.php(485): CodeIgniter\CodeIgniter->createController()
 3 SYSTEMPATH\CodeIgniter.php(353): CodeIgniter\CodeIgniter->handleRequest(null, Object(Config\Cache), false)
 4 FCPATH\index.php(79): CodeIgniter\CodeIgniter->run()
 5 SYSTEMPATH\Commands\Server\rewrite.php(47): require_once('C:\\Project-CRUD\\public\\index.php')
WARNING - 2023-11-10 07:02:57 --> [DEPRECATED] Creation of dynamic property App\Controllers\ProductController::$product is deprecated in APPPATH\Controllers\ProductController.php on line 11.
 1 SYSTEMPATH\CodeIgniter.php(891): App\Controllers\ProductController->__construct()
 2 SYSTEMPATH\CodeIgniter.php(485): CodeIgniter\CodeIgniter->createController()
 3 SYSTEMPATH\CodeIgniter.php(353): CodeIgniter\CodeIgniter->handleRequest(null, Object(Config\Cache), false)
 4 FCPATH\index.php(79): CodeIgniter\CodeIgniter->run()
 5 SYSTEMPATH\Commands\Server\rewrite.php(47): require_once('C:\\Project-CRUD\\public\\index.php')
WARNING - 2023-11-10 07:04:59 --> [DEPRECATED] Creation of dynamic property App\Controllers\ProductController::$product is deprecated in APPPATH\Controllers\ProductController.php on line 11.
 1 SYSTEMPATH\CodeIgniter.php(891): App\Controllers\ProductController->__construct()
 2 SYSTEMPATH\CodeIgniter.php(485): CodeIgniter\CodeIgniter->createController()
 3 SYSTEMPATH\CodeIgniter.php(353): CodeIgniter\CodeIgniter->handleRequest(null, Object(Config\Cache), false)
 4 FCPATH\index.php(79): CodeIgniter\CodeIgniter->run()
 5 SYSTEMPATH\Commands\Server\rewrite.php(47): require_once('C:\\Project-CRUD\\public\\index.php')
ERROR - 2023-11-10 07:05:50 --> mysqli_sql_exception: Lock wait timeout exceeded; try restarting transaction in C:\Project-CRUD\system\Database\MySQLi\Connection.php:306
Stack trace:
#0 C:\Project-CRUD\system\Database\MySQLi\Connection.php(306): mysqli->query('UPDATE `product...', 0)
#1 C:\Project-CRUD\system\Database\BaseConnection.php(692): CodeIgniter\Database\MySQLi\Connection->execute('UPDATE `product...')
#2 C:\Project-CRUD\system\Database\BaseConnection.php(606): CodeIgniter\Database\BaseConnection->simpleQuery('UPDATE `product...')
#3 C:\Project-CRUD\system\Database\BaseBuilder.php(2475): CodeIgniter\Database\BaseConnection->query('UPDATE `product...', Array, false)
#4 C:\Project-CRUD\system\Model.php(385): CodeIgniter\Database\BaseBuilder->update()
#5 C:\Project-CRUD\system\BaseModel.php(949): CodeIgniter\Model->doUpdate(Array, Array)
#6 C:\Project-CRUD\system\Model.php(776): CodeIgniter\BaseModel->update(Array, Array)
#7 C:\Project-CRUD\app\Controllers\ProductController.php(156): CodeIgniter\Model->update('1', Array)
#8 C:\Project-CRUD\system\CodeIgniter.php(919): App\Controllers\ProductController->updateProductApi('1')
#9 C:\Project-CRUD\system\CodeIgniter.php(494): CodeIgniter\CodeIgniter->runController(Object(App\Controllers\ProductController))
#10 C:\Project-CRUD\system\CodeIgniter.php(353): CodeIgniter\CodeIgniter->handleRequest(NULL, Object(Config\Cache), false)
#11 C:\Project-CRUD\public\index.php(79): CodeIgniter\CodeIgniter->run()
#12 C:\Project-CRUD\system\Commands\Server\rewrite.php(47): require_once('C:\\Project-CRUD...')
#13 {main}
CRITICAL - 2023-11-10 07:05:50 --> Lock wait timeout exceeded; try restarting transaction
in SYSTEMPATH\Database\BaseConnection.php on line 646.
 1 SYSTEMPATH\Database\BaseBuilder.php(2475): CodeIgniter\Database\BaseConnection->query('UPDATE `products` SET `nama_product` = :nama_product:, `description` = :description:
WHERE `products`.`id` IN :products.id:', [...], false)
 2 SYSTEMPATH\Model.php(385): CodeIgniter\Database\BaseBuilder->update()
 3 SYSTEMPATH\BaseModel.php(949): CodeIgniter\Model->doUpdate([...], [...])
 4 SYSTEMPATH\Model.php(776): CodeIgniter\BaseModel->update([...], [...])
 5 APPPATH\Controllers\ProductController.php(156): CodeIgniter\Model->update('1', [...])
 6 SYSTEMPATH\CodeIgniter.php(919): App\Controllers\ProductController->updateProductApi('1')
 7 SYSTEMPATH\CodeIgniter.php(494): CodeIgniter\CodeIgniter->runController(Object(App\Controllers\ProductController))
 8 SYSTEMPATH\CodeIgniter.php(353): CodeIgniter\CodeIgniter->handleRequest(null, Object(Config\Cache), false)
 9 FCPATH\index.php(79): CodeIgniter\CodeIgniter->run()
10 SYSTEMPATH\Commands\Server\rewrite.php(47): require_once('C:\\Project-CRUD\\public\\index.php')
WARNING - 2023-11-10 07:09:45 --> [DEPRECATED] Creation of dynamic property App\Controllers\ProductController::$product is deprecated in APPPATH\Controllers\ProductController.php on line 11.
 1 SYSTEMPATH\CodeIgniter.php(891): App\Controllers\ProductController->__construct()
 2 SYSTEMPATH\CodeIgniter.php(485): CodeIgniter\CodeIgniter->createController()
 3 SYSTEMPATH\CodeIgniter.php(353): CodeIgniter\CodeIgniter->handleRequest(null, Object(Config\Cache), false)
 4 FCPATH\index.php(79): CodeIgniter\CodeIgniter->run()
 5 SYSTEMPATH\Commands\Server\rewrite.php(47): require_once('C:\\Project-CRUD\\public\\index.php')
ERROR - 2023-11-10 07:10:36 --> mysqli_sql_exception: Lock wait timeout exceeded; try restarting transaction in C:\Project-CRUD\system\Database\MySQLi\Connection.php:306
Stack trace:
#0 C:\Project-CRUD\system\Database\MySQLi\Connection.php(306): mysqli->query('UPDATE `product...', 0)
#1 C:\Project-CRUD\system\Database\BaseConnection.php(692): CodeIgniter\Database\MySQLi\Connection->execute('UPDATE `product...')
#2 C:\Project-CRUD\system\Database\BaseConnection.php(606): CodeIgniter\Database\BaseConnection->simpleQuery('UPDATE `product...')
#3 C:\Project-CRUD\system\Database\BaseBuilder.php(2475): CodeIgniter\Database\BaseConnection->query('UPDATE `product...', Array, false)
#4 C:\Project-CRUD\system\Model.php(385): CodeIgniter\Database\BaseBuilder->update()
#5 C:\Project-CRUD\system\BaseModel.php(949): CodeIgniter\Model->doUpdate(Array, Array)
#6 C:\Project-CRUD\system\Model.php(776): CodeIgniter\BaseModel->update(Array, Array)
#7 C:\Project-CRUD\app\Controllers\ProductController.php(154): CodeIgniter\Model->update('1', Array)
#8 C:\Project-CRUD\system\CodeIgniter.php(919): App\Controllers\ProductController->updateProductApi('1')
#9 C:\Project-CRUD\system\CodeIgniter.php(494): CodeIgniter\CodeIgniter->runController(Object(App\Controllers\ProductController))
#10 C:\Project-CRUD\system\CodeIgniter.php(353): CodeIgniter\CodeIgniter->handleRequest(NULL, Object(Config\Cache), false)
#11 C:\Project-CRUD\public\index.php(79): CodeIgniter\CodeIgniter->run()
#12 C:\Project-CRUD\system\Commands\Server\rewrite.php(47): require_once('C:\\Project-CRUD...')
#13 {main}
CRITICAL - 2023-11-10 07:10:36 --> Lock wait timeout exceeded; try restarting transaction
in SYSTEMPATH\Database\BaseConnection.php on line 646.
 1 SYSTEMPATH\Database\BaseBuilder.php(2475): CodeIgniter\Database\BaseConnection->query('UPDATE `products` SET `nama_product` = :nama_product:, `description` = :description:
WHERE `products`.`id` IN :products.id:', [...], false)
 2 SYSTEMPATH\Model.php(385): CodeIgniter\Database\BaseBuilder->update()
 3 SYSTEMPATH\BaseModel.php(949): CodeIgniter\Model->doUpdate([...], [...])
 4 SYSTEMPATH\Model.php(776): CodeIgniter\BaseModel->update([...], [...])
 5 APPPATH\Controllers\ProductController.php(154): CodeIgniter\Model->update('1', [...])
 6 SYSTEMPATH\CodeIgniter.php(919): App\Controllers\ProductController->updateProductApi('1')
 7 SYSTEMPATH\CodeIgniter.php(494): CodeIgniter\CodeIgniter->runController(Object(App\Controllers\ProductController))
 8 SYSTEMPATH\CodeIgniter.php(353): CodeIgniter\CodeIgniter->handleRequest(null, Object(Config\Cache), false)
 9 FCPATH\index.php(79): CodeIgniter\CodeIgniter->run()
10 SYSTEMPATH\Commands\Server\rewrite.php(47): require_once('C:\\Project-CRUD\\public\\index.php')
WARNING - 2023-11-10 07:11:56 --> [DEPRECATED] Creation of dynamic property App\Controllers\ProductController::$product is deprecated in APPPATH\Controllers\ProductController.php on line 11.
 1 SYSTEMPATH\CodeIgniter.php(891): App\Controllers\ProductController->__construct()
 2 SYSTEMPATH\CodeIgniter.php(485): CodeIgniter\CodeIgniter->createController()
 3 SYSTEMPATH\CodeIgniter.php(353): CodeIgniter\CodeIgniter->handleRequest(null, Object(Config\Cache), false)
 4 FCPATH\index.php(79): CodeIgniter\CodeIgniter->run()
 5 SYSTEMPATH\Commands\Server\rewrite.php(47): require_once('C:\\Project-CRUD\\public\\index.php')
WARNING - 2023-11-10 07:38:30 --> [DEPRECATED] Creation of dynamic property App\Controllers\ProductController::$product is deprecated in APPPATH\Controllers\ProductController.php on line 11.
 1 SYSTEMPATH\CodeIgniter.php(891): App\Controllers\ProductController->__construct()
 2 SYSTEMPATH\CodeIgniter.php(485): CodeIgniter\CodeIgniter->createController()
 3 SYSTEMPATH\CodeIgniter.php(353): CodeIgniter\CodeIgniter->handleRequest(null, Object(Config\Cache), false)
 4 FCPATH\index.php(79): CodeIgniter\CodeIgniter->run()
 5 SYSTEMPATH\Commands\Server\rewrite.php(47): require_once('C:\\Project-CRUD\\public\\index.php')
WARNING - 2023-11-10 07:38:48 --> [DEPRECATED] Creation of dynamic property App\Controllers\ProductController::$product is deprecated in APPPATH\Controllers\ProductController.php on line 11.
 1 SYSTEMPATH\CodeIgniter.php(891): App\Controllers\ProductController->__construct()
 2 SYSTEMPATH\CodeIgniter.php(485): CodeIgniter\CodeIgniter->createController()
 3 SYSTEMPATH\CodeIgniter.php(353): CodeIgniter\CodeIgniter->handleRequest(null, Object(Config\Cache), false)
 4 FCPATH\index.php(79): CodeIgniter\CodeIgniter->run()
 5 SYSTEMPATH\Commands\Server\rewrite.php(47): require_once('C:\\Project-CRUD\\public\\index.php')
WARNING - 2023-11-10 07:39:03 --> [DEPRECATED] Creation of dynamic property App\Controllers\ProductController::$product is deprecated in APPPATH\Controllers\ProductController.php on line 11.
 1 SYSTEMPATH\CodeIgniter.php(891): App\Controllers\ProductController->__construct()
 2 SYSTEMPATH\CodeIgniter.php(485): CodeIgniter\CodeIgniter->createController()
 3 SYSTEMPATH\CodeIgniter.php(353): CodeIgniter\CodeIgniter->handleRequest(null, Object(Config\Cache), false)
 4 FCPATH\index.php(79): CodeIgniter\CodeIgniter->run()
 5 SYSTEMPATH\Commands\Server\rewrite.php(47): require_once('C:\\Project-CRUD\\public\\index.php')
WARNING - 2023-11-10 08:12:30 --> [DEPRECATED] Creation of dynamic property App\Controllers\ProductController::$product is deprecated in APPPATH\Controllers\ProductController.php on line 11.
 1 SYSTEMPATH\CodeIgniter.php(891): App\Controllers\ProductController->__construct()
 2 SYSTEMPATH\CodeIgniter.php(485): CodeIgniter\CodeIgniter->createController()
 3 SYSTEMPATH\CodeIgniter.php(353): CodeIgniter\CodeIgniter->handleRequest(null, Object(Config\Cache), false)
 4 FCPATH\index.php(79): CodeIgniter\CodeIgniter->run()
 5 SYSTEMPATH\Commands\Server\rewrite.php(47): require_once('C:\\Project-CRUD\\public\\index.php')
WARNING - 2023-11-10 08:12:39 --> [DEPRECATED] Creation of dynamic property App\Controllers\ProductController::$product is deprecated in APPPATH\Controllers\ProductController.php on line 11.
 1 SYSTEMPATH\CodeIgniter.php(891): App\Controllers\ProductController->__construct()
 2 SYSTEMPATH\CodeIgniter.php(485): CodeIgniter\CodeIgniter->createController()
 3 SYSTEMPATH\CodeIgniter.php(353): CodeIgniter\CodeIgniter->handleRequest(null, Object(Config\Cache), false)
 4 FCPATH\index.php(79): CodeIgniter\CodeIgniter->run()
 5 SYSTEMPATH\Commands\Server\rewrite.php(47): require_once('C:\\Project-CRUD\\public\\index.php')
WARNING - 2023-11-10 08:13:07 --> [DEPRECATED] Creation of dynamic property App\Controllers\ProductController::$product is deprecated in APPPATH\Controllers\ProductController.php on line 11.
 1 SYSTEMPATH\CodeIgniter.php(891): App\Controllers\ProductController->__construct()
 2 SYSTEMPATH\CodeIgniter.php(485): CodeIgniter\CodeIgniter->createController()
 3 SYSTEMPATH\CodeIgniter.php(353): CodeIgniter\CodeIgniter->handleRequest(null, Object(Config\Cache), false)
 4 FCPATH\index.php(79): CodeIgniter\CodeIgniter->run()
 5 SYSTEMPATH\Commands\Server\rewrite.php(47): require_once('C:\\Project-CRUD\\public\\index.php')
